#
# There is insufficient memory for the Java Runtime Environment to continue.
# Native memory allocation (malloc) failed to allocate 1824016 bytes for Chunk::new
# Possible reasons:
#   The system is out of physical RAM or swap space
#   The process is running with CompressedOops enabled, and the Java Heap may be blocking the growth of the native heap
# Possible solutions:
#   Reduce memory load on the system
#   Increase physical memory or swap space
#   Check if swap backing store is full
#   Decrease Java heap size (-Xmx/-Xms)
#   Decrease number of Java threads
#   Decrease Java thread stack sizes (-Xss)
#   Set larger code cache with -XX:ReservedCodeCacheSize=
#   JVM is running with Unscaled Compressed Oops mode in which the Java heap is
#     placed in the first 4GB address space. The Java Heap base address is the
#     maximum limit for the native heap growth. Please use -XX:HeapBaseMinAddress
#     to set the Java Heap base and to place the Java Heap above 4GB virtual address.
# This output file may be truncated or incomplete.
#
#  Out of Memory Error (allocation.cpp:389), pid=11760, tid=0x00000000000014a4
#
# JRE version: Java(TM) SE Runtime Environment (8.0_202-b08) (build 1.8.0_202-b08)
# Java VM: Java HotSpot(TM) 64-Bit Server VM (25.202-b08 mixed mode windows-amd64 compressed oops)
# Failed to write core dump. Minidumps are not enabled by default on client versions of Windows
#

---------------  T H R E A D  ---------------

Current thread (0x0000000017d13000):  JavaThread "C2 CompilerThread1" daemon [_thread_in_native, id=5284, stack(0x0000000019460000,0x0000000019560000)]

Stack: [0x0000000019460000,0x0000000019560000]
[error occurred during error reporting (printing stack bounds), id 0xc0000005]

Native frames: (J=compiled Java code, j=interpreted, Vv=VM code, C=native code)


Current CompileTask:
C2:  12863 6006       4       groovy.lang.MetaClassImpl::inheritInterfaceNewMetaMethods (199 bytes)


---------------  P R O C E S S  ---------------

Java Threads: ( => current thread )
  0x000000001c432000 JavaThread "Memory manager" [_thread_blocked, id=7748, stack(0x000000002cfe0000,0x000000002d0e0000)]
  0x000000001c42b000 JavaThread "jar transforms Thread 134" [_thread_blocked, id=11248, stack(0x000000002c6e0000,0x000000002c7e0000)]
  0x000000001c42e000 JavaThread "jar transforms Thread 133" [_thread_blocked, id=18964, stack(0x000000002c5e0000,0x000000002c6e0000)]
  0x000000001c42d800 JavaThread "jar transforms Thread 132" [_thread_blocked, id=17772, stack(0x000000002c4e0000,0x000000002c5e0000)]
  0x000000001c423800 JavaThread "jar transforms Thread 131" [_thread_blocked, id=6992, stack(0x000000002c3e0000,0x000000002c4e0000)]
  0x000000001c425000 JavaThread "jar transforms Thread 130" [_thread_blocked, id=18056, stack(0x000000002c2e0000,0x000000002c3e0000)]
  0x000000001c42a800 JavaThread "jar transforms Thread 129" [_thread_blocked, id=256, stack(0x000000002c1e0000,0x000000002c2e0000)]
  0x000000001c423000 JavaThread "jar transforms Thread 128" [_thread_blocked, id=5164, stack(0x000000002c0e0000,0x000000002c1e0000)]
  0x000000001c426000 JavaThread "jar transforms Thread 127" [_thread_blocked, id=7144, stack(0x000000002bfe0000,0x000000002c0e0000)]
  0x000000001c427800 JavaThread "jar transforms Thread 126" [_thread_blocked, id=20364, stack(0x000000002bee0000,0x000000002bfe0000)]
  0x000000001c429800 JavaThread "jar transforms Thread 125" [_thread_blocked, id=8244, stack(0x000000002bde0000,0x000000002bee0000)]
  0x000000001c424800 JavaThread "jar transforms Thread 124" [_thread_blocked, id=11280, stack(0x000000002bce0000,0x000000002bde0000)]
  0x000000001c429000 JavaThread "jar transforms Thread 123" [_thread_blocked, id=18832, stack(0x000000002bbe0000,0x000000002bce0000)]
  0x000000001c428000 JavaThread "jar transforms Thread 122" [_thread_blocked, id=18416, stack(0x000000002bae0000,0x000000002bbe0000)]
  0x000000001c426800 JavaThread "jar transforms Thread 121" [_thread_blocked, id=3056, stack(0x000000002b9e0000,0x000000002bae0000)]
  0x000000001f92d000 JavaThread "jar transforms Thread 120" [_thread_blocked, id=11320, stack(0x000000002b8e0000,0x000000002b9e0000)]
  0x000000001f929800 JavaThread "jar transforms Thread 119" [_thread_blocked, id=19356, stack(0x000000002b7e0000,0x000000002b8e0000)]
  0x000000001f92b000 JavaThread "jar transforms Thread 118" [_thread_blocked, id=18480, stack(0x000000002b6e0000,0x000000002b7e0000)]
  0x000000001f92c800 JavaThread "jar transforms Thread 117" [_thread_blocked, id=1120, stack(0x000000002b5e0000,0x000000002b6e0000)]
  0x000000001f92a000 JavaThread "jar transforms Thread 116" [_thread_blocked, id=17604, stack(0x000000002b4e0000,0x000000002b5e0000)]
  0x000000001f927000 JavaThread "jar transforms Thread 115" [_thread_blocked, id=18396, stack(0x000000002b3e0000,0x000000002b4e0000)]
  0x000000001f928800 JavaThread "jar transforms Thread 114" [_thread_blocked, id=1512, stack(0x000000002b2e0000,0x000000002b3e0000)]
  0x000000001f928000 JavaThread "jar transforms Thread 113" [_thread_blocked, id=16684, stack(0x000000002b1e0000,0x000000002b2e0000)]
  0x000000001f92b800 JavaThread "jar transforms Thread 112" [_thread_blocked, id=9236, stack(0x000000002b0e0000,0x000000002b1e0000)]
  0x000000001f91f800 JavaThread "jar transforms Thread 111" [_thread_blocked, id=2568, stack(0x000000002afe0000,0x000000002b0e0000)]
  0x000000001f926800 JavaThread "jar transforms Thread 110" [_thread_blocked, id=19416, stack(0x000000002aee0000,0x000000002afe0000)]
  0x000000001f925800 JavaThread "jar transforms Thread 109" [_thread_blocked, id=18932, stack(0x000000002ade0000,0x000000002aee0000)]
  0x000000001f91e000 JavaThread "jar transforms Thread 108" [_thread_blocked, id=20384, stack(0x000000002ace0000,0x000000002ade0000)]
  0x000000001f922800 JavaThread "jar transforms Thread 107" [_thread_blocked, id=18756, stack(0x000000002abe0000,0x000000002ace0000)]
  0x000000001f91f000 JavaThread "jar transforms Thread 106" [_thread_blocked, id=3252, stack(0x000000002aae0000,0x000000002abe0000)]
  0x000000001f924000 JavaThread "jar transforms Thread 105" [_thread_blocked, id=7600, stack(0x000000002a9e0000,0x000000002aae0000)]
  0x000000001f923800 JavaThread "jar transforms Thread 104" [_thread_blocked, id=19544, stack(0x000000002a8e0000,0x000000002a9e0000)]
  0x000000001f922000 JavaThread "jar transforms Thread 103" [_thread_blocked, id=20376, stack(0x000000002a7e0000,0x000000002a8e0000)]
  0x000000001f925000 JavaThread "jar transforms Thread 102" [_thread_blocked, id=20292, stack(0x000000002a6e0000,0x000000002a7e0000)]
  0x000000001f920800 JavaThread "jar transforms Thread 101" [_thread_blocked, id=19840, stack(0x000000002a5e0000,0x000000002a6e0000)]
  0x000000001f921000 JavaThread "jar transforms Thread 100" [_thread_blocked, id=17388, stack(0x000000002a4e0000,0x000000002a5e0000)]
  0x0000000019903800 JavaThread "jar transforms Thread 99" [_thread_blocked, id=14972, stack(0x000000002a3e0000,0x000000002a4e0000)]
  0x0000000019902000 JavaThread "jar transforms Thread 98" [_thread_blocked, id=20304, stack(0x000000002a2e0000,0x000000002a3e0000)]
  0x0000000019900800 JavaThread "jar transforms Thread 97" [_thread_blocked, id=7868, stack(0x000000002a1e0000,0x000000002a2e0000)]
  0x00000000198ff000 JavaThread "jar transforms Thread 96" [_thread_blocked, id=6524, stack(0x000000002a0e0000,0x000000002a1e0000)]
  0x00000000198fe000 JavaThread "jar transforms Thread 95" [_thread_blocked, id=2460, stack(0x0000000029fe0000,0x000000002a0e0000)]
  0x0000000019904000 JavaThread "jar transforms Thread 94" [_thread_blocked, id=6416, stack(0x0000000029ee0000,0x0000000029fe0000)]
  0x00000000198ff800 JavaThread "jar transforms Thread 93" [_thread_blocked, id=19492, stack(0x0000000029de0000,0x0000000029ee0000)]
  0x0000000019902800 JavaThread "jar transforms Thread 92" [_thread_blocked, id=19476, stack(0x0000000029ce0000,0x0000000029de0000)]
  0x0000000019901000 JavaThread "jar transforms Thread 91" [_thread_blocked, id=17596, stack(0x0000000029be0000,0x0000000029ce0000)]
  0x00000000198f6800 JavaThread "jar transforms Thread 90" [_thread_blocked, id=3972, stack(0x0000000029ae0000,0x0000000029be0000)]
  0x00000000198fd800 JavaThread "jar transforms Thread 89" [_thread_blocked, id=19856, stack(0x00000000298e0000,0x00000000299e0000)]
  0x00000000198fc800 JavaThread "jar transforms Thread 88" [_thread_blocked, id=9664, stack(0x00000000297e0000,0x00000000298e0000)]
  0x00000000198fb000 JavaThread "jar transforms Thread 87" [_thread_blocked, id=20432, stack(0x00000000296e0000,0x00000000297e0000)]
  0x00000000198fa800 JavaThread "jar transforms Thread 86" [_thread_blocked, id=11496, stack(0x00000000295e0000,0x00000000296e0000)]
  0x00000000198f6000 JavaThread "jar transforms Thread 85" [_thread_blocked, id=14848, stack(0x00000000294e0000,0x00000000295e0000)]
  0x00000000198f8000 JavaThread "jar transforms Thread 84" [_thread_blocked, id=19620, stack(0x00000000293e0000,0x00000000294e0000)]
  0x00000000198f7800 JavaThread "jar transforms Thread 83" [_thread_blocked, id=6620, stack(0x00000000292e0000,0x00000000293e0000)]
  0x00000000198fc000 JavaThread "jar transforms Thread 82" [_thread_blocked, id=5484, stack(0x00000000291e0000,0x00000000292e0000)]
  0x00000000198f9000 JavaThread "jar transforms Thread 81" [_thread_blocked, id=18536, stack(0x00000000290e0000,0x00000000291e0000)]
  0x00000000198f5000 JavaThread "jar transforms Thread 80" [_thread_blocked, id=11800, stack(0x0000000028fe0000,0x00000000290e0000)]
  0x00000000198f9800 JavaThread "jar transforms Thread 79" [_thread_blocked, id=18492, stack(0x0000000028ee0000,0x0000000028fe0000)]
  0x0000000020886800 JavaThread "jar transforms Thread 78" [_thread_blocked, id=20476, stack(0x0000000028de0000,0x0000000028ee0000)]
  0x000000002087f800 JavaThread "jar transforms Thread 77" [_thread_blocked, id=596, stack(0x0000000028ce0000,0x0000000028de0000)]
  0x0000000020880000 JavaThread "jar transforms Thread 76" [_thread_blocked, id=15920, stack(0x0000000028be0000,0x0000000028ce0000)]
  0x0000000020883800 JavaThread "jar transforms Thread 75" [_thread_blocked, id=19408, stack(0x0000000028ae0000,0x0000000028be0000)]
  0x0000000020885000 JavaThread "jar transforms Thread 74" [_thread_blocked, id=19248, stack(0x00000000289e0000,0x0000000028ae0000)]
  0x0000000020882800 JavaThread "jar transforms Thread 73" [_thread_blocked, id=6708, stack(0x00000000288e0000,0x00000000289e0000)]
  0x0000000020881800 JavaThread "jar transforms Thread 72" [_thread_blocked, id=18720, stack(0x00000000287e0000,0x00000000288e0000)]
  0x0000000020885800 JavaThread "jar transforms Thread 71" [_thread_blocked, id=19004, stack(0x00000000286e0000,0x00000000287e0000)]
  0x000000002087e800 JavaThread "jar transforms Thread 70" [_thread_blocked, id=2340, stack(0x00000000285e0000,0x00000000286e0000)]
  0x0000000020881000 JavaThread "jar transforms Thread 69" [_thread_blocked, id=11816, stack(0x00000000284e0000,0x00000000285e0000)]
  0x0000000020884000 JavaThread "jar transforms Thread 68" [_thread_blocked, id=19348, stack(0x00000000283e0000,0x00000000284e0000)]
  0x0000000020877000 JavaThread "jar transforms Thread 67" [_thread_blocked, id=3832, stack(0x00000000282e0000,0x00000000283e0000)]
  0x000000002087e000 JavaThread "jar transforms Thread 66" [_thread_blocked, id=5216, stack(0x00000000281e0000,0x00000000282e0000)]
  0x000000002087d000 JavaThread "jar transforms Thread 65" [_thread_blocked, id=10712, stack(0x00000000280e0000,0x00000000281e0000)]
  0x0000000020878800 JavaThread "jar transforms Thread 64" [_thread_blocked, id=20356, stack(0x0000000027fe0000,0x00000000280e0000)]
  0x0000000020879800 JavaThread "jar transforms Thread 63" [_thread_blocked, id=17684, stack(0x0000000027ee0000,0x0000000027fe0000)]
  0x000000002087a000 JavaThread "jar transforms Thread 62" [_thread_blocked, id=11080, stack(0x0000000027de0000,0x0000000027ee0000)]
  0x0000000020878000 JavaThread "jar transforms Thread 61" [_thread_blocked, id=12584, stack(0x0000000027ce0000,0x0000000027de0000)]
  0x000000002087c800 JavaThread "jar transforms Thread 60" [_thread_blocked, id=7932, stack(0x0000000027be0000,0x0000000027ce0000)]
  0x000000002087b800 JavaThread "jar transforms Thread 59" [_thread_blocked, id=19040, stack(0x0000000027ae0000,0x0000000027be0000)]
  0x000000002087b000 JavaThread "jar transforms Thread 58" [_thread_blocked, id=18216, stack(0x00000000279e0000,0x0000000027ae0000)]
  0x000000001e2f2000 JavaThread "jar transforms Thread 57" [_thread_blocked, id=18068, stack(0x00000000278e0000,0x00000000279e0000)]
  0x000000001e2f1000 JavaThread "jar transforms Thread 56" [_thread_blocked, id=7268, stack(0x00000000277e0000,0x00000000278e0000)]
  0x000000001e2f3800 JavaThread "jar transforms Thread 55" [_thread_blocked, id=15320, stack(0x00000000276e0000,0x00000000277e0000)]
  0x000000001e2f0800 JavaThread "jar transforms Thread 54" [_thread_blocked, id=19976, stack(0x00000000275e0000,0x00000000276e0000)]
  0x000000001e2f2800 JavaThread "jar transforms Thread 53" [_thread_blocked, id=19740, stack(0x00000000274e0000,0x00000000275e0000)]
  0x000000001e2e9000 JavaThread "jar transforms Thread 52" [_thread_blocked, id=14476, stack(0x00000000273e0000,0x00000000274e0000)]
  0x000000001e2ef800 JavaThread "jar transforms Thread 51" [_thread_blocked, id=10312, stack(0x00000000272e0000,0x00000000273e0000)]
  0x000000001e2ef000 JavaThread "jar transforms Thread 50" [_thread_blocked, id=4904, stack(0x00000000271e0000,0x00000000272e0000)]
  0x000000001e2ee000 JavaThread "jar transforms Thread 49" [_thread_blocked, id=20016, stack(0x00000000270e0000,0x00000000271e0000)]
  0x000000001e2e8000 JavaThread "jar transforms Thread 48" [_thread_blocked, id=7696, stack(0x0000000026fe0000,0x00000000270e0000)]
  0x000000001e2e6800 JavaThread "jar transforms Thread 47" [_thread_blocked, id=19000, stack(0x0000000026ee0000,0x0000000026fe0000)]
  0x000000001e2ed800 JavaThread "jar transforms Thread 46" [_thread_blocked, id=19908, stack(0x0000000026de0000,0x0000000026ee0000)]
  0x000000001e2e7800 JavaThread "jar transforms Thread 45" [_thread_blocked, id=17572, stack(0x0000000026ce0000,0x0000000026de0000)]
  0x000000001e2e9800 JavaThread "jar transforms Thread 44" [_thread_blocked, id=18028, stack(0x0000000026be0000,0x0000000026ce0000)]
  0x000000001e2e5800 JavaThread "jar transforms Thread 43" [_thread_blocked, id=5000, stack(0x0000000026ae0000,0x0000000026be0000)]
  0x000000001e2ec800 JavaThread "jar transforms Thread 42" [_thread_blocked, id=19504, stack(0x00000000269e0000,0x0000000026ae0000)]
  0x000000001e2ea800 JavaThread "jar transforms Thread 41" [_thread_blocked, id=18312, stack(0x00000000268e0000,0x00000000269e0000)]
  0x000000001e2eb000 JavaThread "jar transforms Thread 40" [_thread_blocked, id=20108, stack(0x00000000267e0000,0x00000000268e0000)]
  0x000000001e2ec000 JavaThread "jar transforms Thread 39" [_thread_blocked, id=14460, stack(0x00000000266e0000,0x00000000267e0000)]
  0x000000001e2e4000 JavaThread "jar transforms Thread 38" [_thread_blocked, id=6204, stack(0x00000000265e0000,0x00000000266e0000)]
  0x000000001e2e5000 JavaThread "jar transforms Thread 37" [_thread_blocked, id=20296, stack(0x00000000264e0000,0x00000000265e0000)]
  0x000000001df37000 JavaThread "jar transforms Thread 36" [_thread_blocked, id=15936, stack(0x00000000263e0000,0x00000000264e0000)]
  0x000000001df36000 JavaThread "jar transforms Thread 35" [_thread_blocked, id=19960, stack(0x00000000262e0000,0x00000000263e0000)]
  0x000000001df35800 JavaThread "jar transforms Thread 34" [_thread_blocked, id=18692, stack(0x00000000261e0000,0x00000000262e0000)]
  0x000000001df33000 JavaThread "jar transforms Thread 33" [_thread_blocked, id=8184, stack(0x00000000260e0000,0x00000000261e0000)]
  0x000000001df34800 JavaThread "jar transforms Thread 32" [_thread_blocked, id=20368, stack(0x0000000025fe0000,0x00000000260e0000)]
  0x000000001df31800 JavaThread "jar transforms Thread 31" [_thread_blocked, id=20416, stack(0x0000000025ee0000,0x0000000025fe0000)]
  0x000000001df2d000 JavaThread "jar transforms Thread 30" [_thread_blocked, id=15948, stack(0x0000000025de0000,0x0000000025ee0000)]
  0x000000001df30000 JavaThread "jar transforms Thread 29" [_thread_blocked, id=18188, stack(0x0000000025ce0000,0x0000000025de0000)]
  0x000000001df31000 JavaThread "jar transforms Thread 28" [_thread_blocked, id=8060, stack(0x0000000025be0000,0x0000000025ce0000)]
  0x000000001df34000 JavaThread "jar transforms Thread 27" [_thread_blocked, id=12396, stack(0x0000000025ae0000,0x0000000025be0000)]
  0x000000001df2f800 JavaThread "jar transforms Thread 26" [_thread_blocked, id=3868, stack(0x00000000259e0000,0x0000000025ae0000)]
  0x000000001df32800 JavaThread "jar transforms Thread 25" [_thread_blocked, id=19016, stack(0x00000000258e0000,0x00000000259e0000)]
  0x000000001df2b800 JavaThread "jar transforms Thread 24" [_thread_blocked, id=15636, stack(0x00000000257e0000,0x00000000258e0000)]
  0x000000001df28000 JavaThread "jar transforms Thread 23" [_thread_blocked, id=13448, stack(0x00000000256e0000,0x00000000257e0000)]
  0x000000001df2b000 JavaThread "jar transforms Thread 22" [_thread_blocked, id=2820, stack(0x00000000255e0000,0x00000000256e0000)]
  0x000000001df2e800 JavaThread "jar transforms Thread 21" [_thread_blocked, id=14320, stack(0x00000000254e0000,0x00000000255e0000)]
  0x000000001df2e000 JavaThread "Build operations Thread 4" [_thread_blocked, id=17976, stack(0x00000000253e0000,0x00000000254e0000)]
  0x000000001df2c800 JavaThread "Build operations Thread 3" [_thread_blocked, id=8664, stack(0x00000000252e0000,0x00000000253e0000)]
  0x000000001df2a000 JavaThread "Build operations Thread 2" [_thread_blocked, id=19736, stack(0x0000000024fc0000,0x00000000250c0000)]
  0x000000001df29800 JavaThread "Build operations" [_thread_blocked, id=18296, stack(0x0000000024a80000,0x0000000024b80000)]
  0x000000001df28800 JavaThread "Cache worker for Build Output Cleanup Cache (E:\Chirag\AndroidNebulaPro\.gradle\buildOutputCleanup)" [_thread_blocked, id=19996, stack(0x0000000024560000,0x0000000024660000)]
  0x0000000019d92800 JavaThread "Cache worker for file content cache (C:\Users\Chirag Vaghela\.gradle\caches\6.7.1\fileContent)" [_thread_blocked, id=11316, stack(0x0000000024460000,0x0000000024560000)]
  0x0000000019d8b000 JavaThread "Cache worker for execution history cache (C:\Users\Chirag Vaghela\.gradle\caches\6.7.1\executionHistory)" [_thread_blocked, id=18504, stack(0x0000000023d60000,0x0000000023e60000)]
  0x0000000019d91800 JavaThread "Cache worker for cache directory md-rule (C:\Users\Chirag Vaghela\.gradle\caches\6.7.1\md-rule)" [_thread_blocked, id=9380, stack(0x0000000023c60000,0x0000000023d60000)]
  0x0000000019d8e000 JavaThread "Cache worker for cache directory md-supplier (C:\Users\Chirag Vaghela\.gradle\caches\6.7.1\md-supplier)" [_thread_blocked, id=18444, stack(0x0000000023b60000,0x0000000023c60000)]
  0x0000000019d91000 JavaThread "Cache worker for checksums cache (E:\Chirag\AndroidNebulaPro\.gradle\checksums)" [_thread_blocked, id=17780, stack(0x0000000023a60000,0x0000000023b60000)]
  0x0000000019d90000 JavaThread "jar transforms Thread 20" [_thread_blocked, id=3740, stack(0x0000000023760000,0x0000000023860000)]
  0x0000000019d8e800 JavaThread "jar transforms Thread 19" [_thread_blocked, id=19048, stack(0x0000000023660000,0x0000000023760000)]
  0x0000000019d8d000 JavaThread "jar transforms Thread 18" [_thread_blocked, id=7824, stack(0x0000000023560000,0x0000000023660000)]
  0x0000000019d8f800 JavaThread "jar transforms Thread 17" [_thread_blocked, id=18640, stack(0x0000000023460000,0x0000000023560000)]
  0x0000000019d85800 JavaThread "jar transforms Thread 16" [_thread_blocked, id=7052, stack(0x0000000023360000,0x0000000023460000)]
  0x0000000019d83000 JavaThread "jar transforms Thread 15" [_thread_blocked, id=19756, stack(0x0000000023260000,0x0000000023360000)]
  0x0000000019d8a000 JavaThread "jar transforms Thread 14" [_thread_blocked, id=4252, stack(0x0000000023160000,0x0000000023260000)]
  0x0000000019d88000 JavaThread "jar transforms Thread 13" [_thread_blocked, id=3856, stack(0x0000000023060000,0x0000000023160000)]
  0x0000000019d84800 JavaThread "jar transforms Thread 12" [_thread_blocked, id=2872, stack(0x0000000022f60000,0x0000000023060000)]
  0x0000000019d89800 JavaThread "jar transforms Thread 11" [_thread_blocked, id=2936, stack(0x0000000022e60000,0x0000000022f60000)]
  0x0000000019d86800 JavaThread "jar transforms Thread 10" [_thread_blocked, id=9488, stack(0x0000000022d60000,0x0000000022e60000)]
  0x0000000019d87000 JavaThread "jar transforms Thread 9" [_thread_blocked, id=6604, stack(0x0000000022c60000,0x0000000022d60000)]
  0x0000000019d88800 JavaThread "jar transforms Thread 8" [_thread_blocked, id=19844, stack(0x0000000022b60000,0x0000000022c60000)]
  0x0000000019d84000 JavaThread "jar transforms Thread 7" [_thread_blocked, id=18284, stack(0x00000000217b0000,0x00000000218b0000)]
  0x000000001b0af800 JavaThread "jar transforms Thread 6" [_thread_blocked, id=9000, stack(0x00000000216b0000,0x00000000217b0000)]
  0x000000001b0b2800 JavaThread "jar transforms Thread 5" [_thread_blocked, id=13720, stack(0x00000000214a0000,0x00000000215a0000)]
  0x000000001b0b0800 JavaThread "jar transforms Thread 4" [_thread_blocked, id=11376, stack(0x00000000213a0000,0x00000000214a0000)]
  0x000000001b0b1000 JavaThread "jar transforms Thread 3" [_thread_blocked, id=17496, stack(0x0000000020050000,0x0000000020150000)]
  0x000000001b0af000 JavaThread "jar transforms Thread 2" [_thread_blocked, id=4052, stack(0x000000001ff50000,0x0000000020050000)]
  0x000000001b0ae000 JavaThread "jar transforms" [_thread_blocked, id=17768, stack(0x000000001fe50000,0x000000001ff50000)]
  0x000000001b0ad800 JavaThread "Cache worker for file hash cache (E:\Chirag\AndroidNebulaPro\.gradle\6.7.1\fileHashes)" [_thread_blocked, id=11124, stack(0x000000001fd50000,0x000000001fe50000)]
  0x000000001b0b2000 JavaThread "Cache worker for journal cache (C:\Users\Chirag Vaghela\.gradle\caches\journal-1)" [_thread_blocked, id=17448, stack(0x000000001fa50000,0x000000001fb50000)]
  0x000000001b0b4000 JavaThread "File lock request listener" [_thread_in_native, id=13732, stack(0x00000000215b0000,0x00000000216b0000)]
  0x000000001b0b3800 JavaThread "Cache worker for file hash cache (C:\Users\Chirag Vaghela\.gradle\caches\6.7.1\fileHashes)" [_thread_blocked, id=11552, stack(0x00000000201d0000,0x00000000202d0000)]
  0x000000001bbfb800 JavaThread "Thread-9" [_thread_blocked, id=3664, stack(0x000000001d7b0000,0x000000001d8b0000)]
  0x000000001bc06800 JavaThread "Stdin handler" [_thread_blocked, id=14092, stack(0x000000001d6b0000,0x000000001d7b0000)]
  0x000000001badc800 JavaThread "Asynchronous log dispatcher for DefaultDaemonConnection: socket connection from /127.0.0.1:60466 to /127.0.0.1:60467" [_thread_blocked, id=9164, stack(0x000000001d5b0000,0x000000001d6b0000)]
  0x000000001bc4a800 JavaThread "Daemon worker" [_thread_in_native, id=20068, stack(0x000000001d4b0000,0x000000001d5b0000)]
  0x000000001bc4a000 JavaThread "Cancel handler" [_thread_blocked, id=15960, stack(0x000000001d3b0000,0x000000001d4b0000)]
  0x000000001b8d5000 JavaThread "Handler for socket connection from /127.0.0.1:60466 to /127.0.0.1:60467" [_thread_in_native, id=18044, stack(0x000000001d0b0000,0x000000001d1b0000)]
  0x000000001ba52000 JavaThread "Daemon" [_thread_blocked, id=17864, stack(0x000000001cfb0000,0x000000001d0b0000)]
  0x000000001bc4c000 JavaThread "Daemon periodic checks" [_thread_blocked, id=15000, stack(0x000000001ceb0000,0x000000001cfb0000)]
  0x000000001b69c000 JavaThread "Incoming local TCP Connector on port 60466" [_thread_in_native, id=16432, stack(0x000000001cc70000,0x000000001cd70000)]
  0x000000001b8c0800 JavaThread "Daemon health stats" [_thread_blocked, id=18696, stack(0x000000001b430000,0x000000001b530000)]
  0x0000000019693000 JavaThread "Service Thread" daemon [_thread_blocked, id=18780, stack(0x0000000019a60000,0x0000000019b60000)]
  0x0000000017d16000 JavaThread "C1 CompilerThread2" daemon [_thread_blocked, id=20308, stack(0x0000000019560000,0x0000000019660000)]
=>0x0000000017d13000 JavaThread "C2 CompilerThread1" daemon [_thread_in_native, id=5284, stack(0x0000000019460000,0x0000000019560000)]
  0x0000000017d0c800 JavaThread "C2 CompilerThread0" daemon [_thread_blocked, id=4116, stack(0x0000000019360000,0x0000000019460000)]
  0x0000000017d0b000 JavaThread "Attach Listener" daemon [_thread_blocked, id=9124, stack(0x0000000019260000,0x0000000019360000)]
  0x0000000017d09800 JavaThread "Signal Dispatcher" daemon [_thread_blocked, id=9136, stack(0x0000000019160000,0x0000000019260000)]
  0x00000000030ba800 JavaThread "Finalizer" daemon [_thread_blocked, id=13332, stack(0x0000000018f60000,0x0000000019060000)]
  0x00000000030b2000 JavaThread "Reference Handler" daemon [_thread_blocked, id=19412, stack(0x0000000018e60000,0x0000000018f60000)]
  0x00000000017de000 JavaThread "main" [_thread_blocked, id=6660, stack(0x00000000016b0000,0x00000000017b0000)]

Other Threads:
  0x0000000017cd7000 VMThread [stack: 0x0000000018d60000,0x0000000018e60000] [id=18088]
  0x0000000019693800 WatcherThread [stack: 0x0000000019b60000,0x0000000019c60000] [id=1824]

VM state:not at safepoint (normal execution)

VM Mutex/Monitor currently owned by a thread: None

heap address: 0x0000000080000000, size: 2048 MB, Compressed Oops mode: 32-bit
Narrow klass base: 0x0000000000000000, Narrow klass shift: 3
Compressed class space size: 1073741824 Address: 0x0000000100000000

Heap:
 PSYoungGen      total 164352K, used 106746K [0x00000000d5580000, 0x00000000e1580000, 0x0000000100000000)
  eden space 144896K, 73% used [0x00000000d5580000,0x00000000dbdbe968,0x00000000de300000)
  from space 19456K, 0% used [0x00000000df700000,0x00000000df700000,0x00000000e0a00000)
  to   space 20480K, 0% used [0x00000000de300000,0x00000000de300000,0x00000000df700000)
 ParOldGen       total 83968K, used 41526K [0x0000000080000000, 0x0000000085200000, 0x00000000d5580000)
  object space 83968K, 49% used [0x0000000080000000,0x000000008288d910,0x0000000085200000)
 Metaspace       used 61918K, capacity 64708K, committed 64984K, reserved 1105920K
  class space    used 8720K, capacity 9315K, committed 9432K, reserved 1048576K

Card table byte_map: [0x0000000012480000,0x0000000012890000] byte_map_base: 0x0000000012080000

Marking Bits: (ParMarkBitMap*) 0x0000000068985ce0
 Begin Bits: [0x0000000012f40000, 0x0000000014f40000)
 End Bits:   [0x0000000014f40000, 0x0000000016f40000)

Polling page: 0x00000000011b0000

CodeCache: size=245760Kb used=19653Kb max_used=19653Kb free=226106Kb
 bounds [0x00000000030c0000, 0x0000000004400000, 0x00000000120c0000]
 total_blobs=6558 nmethods=5771 adapters=699
 compilation: enabled

Compilation events (10 events):
Event: 12.853 Thread 0x0000000017d16000 nmethod 6284 0x00000000043f0a50 code [0x00000000043f0c00, 0x00000000043f10f8]
Event: 12.855 Thread 0x0000000017d16000 6285       3       org.codehaus.groovy.ast.ClassNode::redirect (17 bytes)
Event: 12.855 Thread 0x0000000017d16000 nmethod 6285 0x00000000043ef110 code [0x00000000043ef280, 0x00000000043ef608]
Event: 12.856 Thread 0x0000000017d16000 6286       3       org.codehaus.groovy.ast.AnnotatedNode::<init> (12 bytes)
Event: 12.857 Thread 0x0000000017d16000 nmethod 6286 0x00000000043f1310 code [0x00000000043f1480, 0x00000000043f1730]
Event: 12.860 Thread 0x0000000017d16000 6287       3       sun.misc.ProxyGenerator$ProxyMethod::access$100 (5 bytes)
Event: 12.860 Thread 0x0000000017d16000 nmethod 6287 0x00000000043f1850 code [0x00000000043f19c0, 0x00000000043f1b28]
Event: 12.860 Thread 0x0000000017d16000 6288       3       sun.misc.ProxyGenerator$ProxyMethod::access$1900 (6 bytes)
Event: 12.860 Thread 0x0000000017d16000 nmethod 6288 0x00000000043f1bd0 code [0x00000000043f1d40, 0x00000000043f1ea8]
Event: 12.860 Thread 0x0000000017d16000 6289       3       sun.misc.ProxyGenerator$ProxyMethod::codeFieldInitialization (241 bytes)

GC Heap History (10 events):
Event: 8.697 GC heap before
{Heap before GC invocations=15 (full 2):
 PSYoungGen      total 103936K, used 103499K [0x00000000d5580000, 0x00000000dd280000, 0x0000000100000000)
  eden space 96768K, 100% used [0x00000000d5580000,0x00000000db400000,0x00000000db400000)
  from space 7168K, 93% used [0x00000000dcb80000,0x00000000dd212f20,0x00000000dd280000)
  to   space 11264K, 0% used [0x00000000dbc80000,0x00000000dbc80000,0x00000000dc780000)
 ParOldGen       total 83968K, used 16176K [0x0000000080000000, 0x0000000085200000, 0x00000000d5580000)
  object space 83968K, 19% used [0x0000000080000000,0x0000000080fcc288,0x0000000085200000)
 Metaspace       used 40603K, capacity 42638K, committed 42840K, reserved 1085440K
  class space    used 5713K, capacity 6162K, committed 6232K, reserved 1048576K
Event: 8.706 GC heap after
Heap after GC invocations=15 (full 2):
 PSYoungGen      total 116736K, used 10876K [0x00000000d5580000, 0x00000000de380000, 0x0000000100000000)
  eden space 105472K, 0% used [0x00000000d5580000,0x00000000d5580000,0x00000000dbc80000)
  from space 11264K, 96% used [0x00000000dbc80000,0x00000000dc71f0c8,0x00000000dc780000)
  to   space 12288K, 0% used [0x00000000dd780000,0x00000000dd780000,0x00000000de380000)
 ParOldGen       total 83968K, used 16184K [0x0000000080000000, 0x0000000085200000, 0x00000000d5580000)
  object space 83968K, 19% used [0x0000000080000000,0x0000000080fce288,0x0000000085200000)
 Metaspace       used 40603K, capacity 42638K, committed 42840K, reserved 1085440K
  class space    used 5713K, capacity 6162K, committed 6232K, reserved 1048576K
}
Event: 10.431 GC heap before
{Heap before GC invocations=16 (full 2):
 PSYoungGen      total 116736K, used 116348K [0x00000000d5580000, 0x00000000de380000, 0x0000000100000000)
  eden space 105472K, 100% used [0x00000000d5580000,0x00000000dbc80000,0x00000000dbc80000)
  from space 11264K, 96% used [0x00000000dbc80000,0x00000000dc71f0c8,0x00000000dc780000)
  to   space 12288K, 0% used [0x00000000dd780000,0x00000000dd780000,0x00000000de380000)
 ParOldGen       total 83968K, used 16184K [0x0000000080000000, 0x0000000085200000, 0x00000000d5580000)
  object space 83968K, 19% used [0x0000000080000000,0x0000000080fce288,0x0000000085200000)
 Metaspace       used 51158K, capacity 53456K, committed 53720K, reserved 1095680K
  class space    used 7094K, capacity 7574K, committed 7640K, reserved 1048576K
Event: 10.447 GC heap after
Heap after GC invocations=16 (full 2):
 PSYoungGen      total 128512K, used 12278K [0x00000000d5580000, 0x00000000df580000, 0x0000000100000000)
  eden space 116224K, 0% used [0x00000000d5580000,0x00000000d5580000,0x00000000dc700000)
  from space 12288K, 99% used [0x00000000dd780000,0x00000000de37dae0,0x00000000de380000)
  to   space 16896K, 0% used [0x00000000dc700000,0x00000000dc700000,0x00000000dd780000)
 ParOldGen       total 83968K, used 24528K [0x0000000080000000, 0x0000000085200000, 0x00000000d5580000)
  object space 83968K, 29% used [0x0000000080000000,0x00000000817f4370,0x0000000085200000)
 Metaspace       used 51158K, capacity 53456K, committed 53720K, reserved 1095680K
  class space    used 7094K, capacity 7574K, committed 7640K, reserved 1048576K
}
Event: 11.282 GC heap before
{Heap before GC invocations=17 (full 2):
 PSYoungGen      total 128512K, used 128502K [0x00000000d5580000, 0x00000000df580000, 0x0000000100000000)
  eden space 116224K, 100% used [0x00000000d5580000,0x00000000dc700000,0x00000000dc700000)
  from space 12288K, 99% used [0x00000000dd780000,0x00000000de37dae0,0x00000000de380000)
  to   space 16896K, 0% used [0x00000000dc700000,0x00000000dc700000,0x00000000dd780000)
 ParOldGen       total 83968K, used 24528K [0x0000000080000000, 0x0000000085200000, 0x00000000d5580000)
  object space 83968K, 29% used [0x0000000080000000,0x00000000817f4370,0x0000000085200000)
 Metaspace       used 55081K, capacity 57598K, committed 57816K, reserved 1099776K
  class space    used 7600K, capacity 8135K, committed 8152K, reserved 1048576K
Event: 11.303 GC heap after
Heap after GC invocations=17 (full 2):
 PSYoungGen      total 133120K, used 16047K [0x00000000d5580000, 0x00000000e0a00000, 0x0000000100000000)
  eden space 116224K, 0% used [0x00000000d5580000,0x00000000d5580000,0x00000000dc700000)
  from space 16896K, 94% used [0x00000000dc700000,0x00000000dd6abd18,0x00000000dd780000)
  to   space 19456K, 0% used [0x00000000df700000,0x00000000df700000,0x00000000e0a00000)
 ParOldGen       total 83968K, used 31832K [0x0000000080000000, 0x0000000085200000, 0x00000000d5580000)
  object space 83968K, 37% used [0x0000000080000000,0x0000000081f16290,0x0000000085200000)
 Metaspace       used 55081K, capacity 57598K, committed 57816K, reserved 1099776K
  class space    used 7600K, capacity 8135K, committed 8152K, reserved 1048576K
}
Event: 11.479 GC heap before
{Heap before GC invocations=18 (full 2):
 PSYoungGen      total 133120K, used 31197K [0x00000000d5580000, 0x00000000e0a00000, 0x0000000100000000)
  eden space 116224K, 13% used [0x00000000d5580000,0x00000000d644b9b0,0x00000000dc700000)
  from space 16896K, 94% used [0x00000000dc700000,0x00000000dd6abd18,0x00000000dd780000)
  to   space 19456K, 0% used [0x00000000df700000,0x00000000df700000,0x00000000e0a00000)
 ParOldGen       total 83968K, used 31832K [0x0000000080000000, 0x0000000085200000, 0x00000000d5580000)
  object space 83968K, 37% used [0x0000000080000000,0x0000000081f16290,0x0000000085200000)
 Metaspace       used 56408K, capacity 58916K, committed 59028K, reserved 1099776K
  class space    used 7840K, capacity 8362K, committed 8408K, reserved 1048576K
Event: 11.492 GC heap after
Heap after GC invocations=18 (full 2):
 PSYoungGen      total 164352K, used 14750K [0x00000000d5580000, 0x00000000e1580000, 0x0000000100000000)
  eden space 144896K, 0% used [0x00000000d5580000,0x00000000d5580000,0x00000000de300000)
  from space 19456K, 75% used [0x00000000df700000,0x00000000e0567b90,0x00000000e0a00000)
  to   space 20480K, 0% used [0x00000000de300000,0x00000000de300000,0x00000000df700000)
 ParOldGen       total 83968K, used 31832K [0x0000000080000000, 0x0000000085200000, 0x00000000d5580000)
  object space 83968K, 37% used [0x0000000080000000,0x0000000081f16290,0x0000000085200000)
 Metaspace       used 56408K, capacity 58916K, committed 59028K, reserved 1099776K
  class space    used 7840K, capacity 8362K, committed 8408K, reserved 1048576K
}
Event: 11.492 GC heap before
{Heap before GC invocations=19 (full 3):
 PSYoungGen      total 164352K, used 14750K [0x00000000d5580000, 0x00000000e1580000, 0x0000000100000000)
  eden space 144896K, 0% used [0x00000000d5580000,0x00000000d5580000,0x00000000de300000)
  from space 19456K, 75% used [0x00000000df700000,0x00000000e0567b90,0x00000000e0a00000)
  to   space 20480K, 0% used [0x00000000de300000,0x00000000de300000,0x00000000df700000)
 ParOldGen       total 83968K, used 31832K [0x0000000080000000, 0x0000000085200000, 0x00000000d5580000)
  object space 83968K, 37% used [0x0000000080000000,0x0000000081f16290,0x0000000085200000)
 Metaspace       used 56408K, capacity 58916K, committed 59028K, reserved 1099776K
  class space    used 7840K, capacity 8362K, committed 8408K, reserved 1048576K
Event: 11.678 GC heap after
Heap after GC invocations=19 (full 3):
 PSYoungGen      total 164352K, used 0K [0x00000000d5580000, 0x00000000e1580000, 0x0000000100000000)
  eden space 144896K, 0% used [0x00000000d5580000,0x00000000d5580000,0x00000000de300000)
  from space 19456K, 0% used [0x00000000df700000,0x00000000df700000,0x00000000e0a00000)
  to   space 20480K, 0% used [0x00000000de300000,0x00000000de300000,0x00000000df700000)
 ParOldGen       total 83968K, used 41526K [0x0000000080000000, 0x0000000085200000, 0x00000000d5580000)
  object space 83968K, 49% used [0x0000000080000000,0x000000008288d910,0x0000000085200000)
 Metaspace       used 56396K, capacity 58874K, committed 59028K, reserved 1099776K
  class space    used 7836K, capacity 8355K, committed 8408K, reserved 1048576K
}

Deoptimization events (10 events):
Event: 10.728 Thread 0x000000001bc4a800 Uncommon trap: reason=class_check action=maybe_recompile pc=0x000000000325dcdc method=java.util.regex.Matcher.search(I)Z @ 86
Event: 10.851 Thread 0x000000001bc4a800 Uncommon trap: reason=unstable_if action=reinterpret pc=0x000000000329d39c method=java.lang.String.replace(CC)Ljava/lang/String; @ 2
Event: 10.856 Thread 0x000000001bc4a800 Uncommon trap: reason=unstable_if action=reinterpret pc=0x00000000032ab8c8 method=org.codehaus.groovy.runtime.metaclass.MetaMethodIndex.copyNonPrivateNonNewMetaMethods(Lorg/codehaus/groovy/runtime/metaclass/MetaMethodIndex$Entry;Lorg/codehaus/groovy/runti
Event: 10.956 Thread 0x000000001bc4a800 Uncommon trap: reason=unstable_if action=reinterpret pc=0x0000000003278778 method=groovy.lang.MetaClassImpl.filterPropertyMethod(Ljava/lang/Object;ZZ)Ljava/lang/Object; @ 60
Event: 10.995 Thread 0x000000001bc4a800 Uncommon trap: reason=null_check action=make_not_entrant pc=0x000000000391d790 method=java.lang.Class.searchMethods([Ljava/lang/reflect/Method;Ljava/lang/String;[Ljava/lang/Class;)Ljava/lang/reflect/Method; @ 59
Event: 11.048 Thread 0x000000001bc4a800 Uncommon trap: reason=class_check action=maybe_recompile pc=0x0000000003a52ac0 method=java.lang.Throwable.<init>(Ljava/lang/String;Ljava/lang/Throwable;)V @ 24
Event: 12.118 Thread 0x000000001bc4a800 Uncommon trap: reason=unstable_if action=reinterpret pc=0x0000000003599b38 method=java.util.WeakHashMap.expungeStaleEntries()V @ 66
Event: 12.132 Thread 0x000000001bc4a800 Uncommon trap: reason=unstable_if action=reinterpret pc=0x0000000003cfed5c method=java.lang.Class$MethodArray.removeLessSpecifics()V @ 25
Event: 12.174 Thread 0x000000001bc4a800 Uncommon trap: reason=unstable_if action=reinterpret pc=0x0000000003c55d88 method=java.io.WinNTFileSystem.normalize(Ljava/lang/String;)Ljava/lang/String; @ 74
Event: 12.272 Thread 0x000000001bc4a800 Uncommon trap: reason=class_check action=maybe_recompile pc=0x0000000003a52ac0 method=java.lang.Throwable.<init>(Ljava/lang/String;Ljava/lang/Throwable;)V @ 24

Classes redefined (0 events):
No events

Internal exceptions (10 events):
Event: 12.442 Thread 0x000000001bc4a800 Exception <a 'java/lang/ClassNotFoundException': com/google/android/gms/dependencies/DependencyInspectorBeanInfo> (0x00000000dae8ae20) thrown at [C:\re\workspace\8-2-build-windows-amd64-cygwin\jdk8u202\12323\hotspot\src\share\vm\classfile\systemDictionary
Event: 12.442 Thread 0x000000001bc4a800 Exception <a 'java/lang/ClassNotFoundException': com/google/android/gms/dependencies/DependencyInspectorCustomizer> (0x00000000daeaef10) thrown at [C:\re\workspace\8-2-build-windows-amd64-cygwin\jdk8u202\12323\hotspot\src\share\vm\classfile\systemDictiona
Event: 12.445 Thread 0x000000001bc4a800 Exception <a 'java/lang/ClassNotFoundException': org/codehaus/groovy/runtime/MethodClosureBeanInfo> (0x00000000daf38fe8) thrown at [C:\re\workspace\8-2-build-windows-amd64-cygwin\jdk8u202\12323\hotspot\src\share\vm\classfile\systemDictionary.cpp, line 210
Event: 12.446 Thread 0x000000001bc4a800 Exception <a 'java/lang/ClassNotFoundException': org/codehaus/groovy/runtime/MethodClosureCustomizer> (0x00000000daf555a0) thrown at [C:\re\workspace\8-2-build-windows-amd64-cygwin\jdk8u202\12323\hotspot\src\share\vm\classfile\systemDictionary.cpp, line 2
Event: 12.447 Thread 0x000000001bc4a800 Exception <a 'java/lang/ClassNotFoundException': org/gradle/api/internal/artifacts/configurations/DefaultConfiguration$ConfigurationResolvableDependencies_DecoratedBeanInfo> (0x00000000dafe79c0) thrown at [C:\re\workspace\8-2-build-windows-amd64-cygwin\jd
Event: 12.447 Thread 0x000000001bc4a800 Exception <a 'java/lang/ClassNotFoundException': org/gradle/api/internal/artifacts/configurations/DefaultConfiguration$ConfigurationResolvableDependenciesBeanInfo> (0x00000000db037248) thrown at [C:\re\workspace\8-2-build-windows-amd64-cygwin\jdk8u202\123
Event: 12.448 Thread 0x000000001bc4a800 Exception <a 'java/lang/ClassNotFoundException': org/gradle/api/internal/artifacts/configurations/DefaultConfiguration$ConfigurationResolvableDependenciesCustomizer> (0x00000000db088cf8) thrown at [C:\re\workspace\8-2-build-windows-amd64-cygwin\jdk8u202\1
Event: 12.448 Thread 0x000000001bc4a800 Exception <a 'java/lang/ClassNotFoundException': org/gradle/api/internal/artifacts/configurations/DefaultConfiguration$ConfigurationResolvableDependencies_DecoratedCustomizer> (0x00000000db0f5298) thrown at [C:\re\workspace\8-2-build-windows-amd64-cygwin\
Event: 12.488 Thread 0x000000001c42b000 Exception <a 'sun/nio/fs/WindowsException'> (0x00000000db24a450) thrown at [C:\re\workspace\8-2-build-windows-amd64-cygwin\jdk8u202\12323\hotspot\src\share\vm\prims\jni.cpp, line 710]
Event: 12.488 Thread 0x000000001c42b000 Exception <a 'sun/nio/fs/WindowsException'> (0x00000000db24a930) thrown at [C:\re\workspace\8-2-build-windows-amd64-cygwin\jdk8u202\12323\hotspot\src\share\vm\prims\jni.cpp, line 710]

Events (10 events):
Event: 12.843 loading class org/codehaus/groovy/ast/decompiled/ClassSignatureParser$1
Event: 12.843 loading class org/codehaus/groovy/ast/decompiled/ClassSignatureParser$1 done
Event: 12.843 loading class org/codehaus/groovy/ast/decompiled/FormalParameterParser
Event: 12.843 loading class org/codehaus/groovy/ast/decompiled/FormalParameterParser done
Event: 12.845 loading class org/codehaus/groovy/ast/decompiled/FieldStub
Event: 12.845 loading class org/codehaus/groovy/ast/decompiled/FieldStub done
Event: 12.854 Executing VM operation: BulkRevokeBias
Event: 12.855 Executing VM operation: BulkRevokeBias done
Event: 12.858 loading class org/codehaus/groovy/transform/GroovyASTTransformationClass
Event: 12.858 loading class org/codehaus/groovy/transform/GroovyASTTransformationClass done


Dynamic libraries:
0x00007ff7fa9e0000 - 0x00007ff7faa17000 	C:\Program Files\Java\jdk1.8.0_202\bin\java.exe
0x00007ffc09eb0000 - 0x00007ffc0a0a5000 	C:\Windows\SYSTEM32\ntdll.dll
0x00007ffc08ff0000 - 0x00007ffc090ad000 	C:\Windows\System32\KERNEL32.DLL
0x00007ffc07960000 - 0x00007ffc07c2d000 	C:\Windows\System32\KERNELBASE.dll
0x00007ffc08380000 - 0x00007ffc0842e000 	C:\Windows\System32\ADVAPI32.dll
0x00007ffc09dd0000 - 0x00007ffc09e6e000 	C:\Windows\System32\msvcrt.dll
0x00007ffc07f60000 - 0x00007ffc07ffc000 	C:\Windows\System32\sechost.dll
0x00007ffc08ec0000 - 0x00007ffc08fe5000 	C:\Windows\System32\RPCRT4.dll
0x00007ffc08670000 - 0x00007ffc08810000 	C:\Windows\System32\USER32.dll
0x00007ffc07c30000 - 0x00007ffc07c52000 	C:\Windows\System32\win32u.dll
0x00007ffc08cb0000 - 0x00007ffc08cda000 	C:\Windows\System32\WS2_32.dll
0x00007ffc07cb0000 - 0x00007ffc07dbb000 	C:\Windows\System32\gdi32full.dll
0x00007ffc076c0000 - 0x00007ffc0775d000 	C:\Windows\System32\msvcp_win.dll
0x00007ffc075c0000 - 0x00007ffc076c0000 	C:\Windows\System32\ucrtbase.dll
0x00007ffbf67d0000 - 0x00007ffbf6a6a000 	C:\Windows\WinSxS\amd64_microsoft.windows.common-controls_6595b64144ccf1df_6.0.19041.1110_none_60b5254171f9507e\COMCTL32.dll
0x00007ffc08640000 - 0x00007ffc08670000 	C:\Windows\System32\IMM32.DLL
0x0000000068a10000 - 0x0000000068ae2000 	C:\Program Files\Java\jdk1.8.0_202\jre\bin\msvcr100.dll
0x0000000068160000 - 0x0000000068a05000 	C:\Program Files\Java\jdk1.8.0_202\jre\bin\server\jvm.dll
0x00007ffc08370000 - 0x00007ffc08378000 	C:\Windows\System32\PSAPI.DLL
0x00007ffbf51a0000 - 0x00007ffbf51c7000 	C:\Windows\SYSTEM32\WINMM.dll
0x00007ffc02090000 - 0x00007ffc0209a000 	C:\Windows\SYSTEM32\VERSION.dll
0x00007ffbc7500000 - 0x00007ffbc7509000 	C:\Windows\SYSTEM32\WSOCK32.dll
0x00007ffc09bb0000 - 0x00007ffc09c1b000 	C:\Windows\System32\WS2_32.dll
0x00007ffc029c0000 - 0x00007ffc029cf000 	C:\Program Files\Java\jdk1.8.0_202\jre\bin\verify.dll
0x00007ffbf2860000 - 0x00007ffbf2889000 	C:\Program Files\Java\jdk1.8.0_202\jre\bin\java.dll
0x00007ffbf2a40000 - 0x00007ffbf2a56000 	C:\Program Files\Java\jdk1.8.0_202\jre\bin\zip.dll
0x00007ffc093f0000 - 0x00007ffc09b34000 	C:\Windows\System32\SHELL32.dll
0x00007ffc056e0000 - 0x00007ffc05e74000 	C:\Windows\SYSTEM32\windows.storage.dll
0x00007ffc08010000 - 0x00007ffc08364000 	C:\Windows\System32\combase.dll
0x00007ffc06f50000 - 0x00007ffc06f7c000 	C:\Windows\SYSTEM32\Wldp.dll
0x00007ffc090b0000 - 0x00007ffc0915d000 	C:\Windows\System32\SHCORE.dll
0x00007ffc08430000 - 0x00007ffc08485000 	C:\Windows\System32\shlwapi.dll
0x00007ffc07500000 - 0x00007ffc0751f000 	C:\Windows\SYSTEM32\profapi.dll
0x00007ffbf28d0000 - 0x00007ffbf28ea000 	C:\Program Files\Java\jdk1.8.0_202\jre\bin\net.dll
0x00007ffbfcfa0000 - 0x00007ffbfd18c000 	C:\Windows\SYSTEM32\urlmon.dll
0x00007ffbfcf30000 - 0x00007ffbfcf58000 	C:\Windows\SYSTEM32\srvcli.dll
0x00007ffc06b00000 - 0x00007ffc06b0c000 	C:\Windows\SYSTEM32\netutils.dll
0x00007ffbfe680000 - 0x00007ffbfe931000 	C:\Windows\SYSTEM32\iertutil.dll
0x00007ffc06cb0000 - 0x00007ffc06d1a000 	C:\Windows\system32\mswsock.dll
0x00007ffbf26b0000 - 0x00007ffbf26c2000 	C:\Program Files\Java\jdk1.8.0_202\jre\bin\nio.dll
0x00007ffbb8cf0000 - 0x00007ffbb8d17000 	C:\Users\Chirag Vaghela\.gradle\native\fdc75f09e3144964f2cf3f50f0aa648679c211496f362492102eb8c894070792\windows-amd64\native-platform.dll
0x00007ffba8240000 - 0x00007ffba83d6000 	C:\Users\Chirag Vaghela\.gradle\native\12488b8bf47d2d4c9fbf2f6322a914ad602e24e48041cd04a747c6da556b65c4\windows-amd64\native-platform-file-events.dll
0x00007ffc029b0000 - 0x00007ffc029bd000 	C:\Program Files\Java\jdk1.8.0_202\jre\bin\management.dll
0x00007ffc06ea0000 - 0x00007ffc06eb8000 	C:\Windows\SYSTEM32\CRYPTSP.dll
0x00007ffc06630000 - 0x00007ffc06664000 	C:\Windows\system32\rsaenh.dll
0x00007ffc07930000 - 0x00007ffc07957000 	C:\Windows\System32\bcrypt.dll
0x00007ffc074c0000 - 0x00007ffc074ee000 	C:\Windows\SYSTEM32\USERENV.dll
0x00007ffc07e70000 - 0x00007ffc07ef2000 	C:\Windows\System32\bcryptprimitives.dll
0x00007ffc06ec0000 - 0x00007ffc06ecc000 	C:\Windows\SYSTEM32\CRYPTBASE.dll
0x00007ffc069a0000 - 0x00007ffc069db000 	C:\Windows\SYSTEM32\IPHLPAPI.DLL
0x00007ffc09ba0000 - 0x00007ffc09ba8000 	C:\Windows\System32\NSI.dll
0x00007ffc01430000 - 0x00007ffc01447000 	C:\Windows\SYSTEM32\dhcpcsvc6.DLL
0x00007ffc01410000 - 0x00007ffc0142d000 	C:\Windows\SYSTEM32\dhcpcsvc.DLL
0x00007ffc069e0000 - 0x00007ffc06aab000 	C:\Program Files\Java\jdk1.8.0_202\bin\java.exe
0x00007ffc014b0000 - 0x00007ffc014bb000 	C:\Windows\System32\KERNEL32.DLL

VM Arguments:
jvm_args: -Xmx2048M -Dfile.encoding=windows-1252 -Duser.country=IN -Duser.language=en -Duser.variant 
java_command: org.gradle.launcher.daemon.bootstrap.GradleDaemon 6.7.1
java_class_path (initial): C:\Users\Chirag Vaghela\.gradle\wrapper\dists\gradle-6.7.1-bin\bwlcbys1h7rz3272sye1xwiv6\gradle-6.7.1\lib\gradle-launcher-6.7.1.jar
Launcher Type: SUN_STANDARD

Environment Variables:
JAVA_HOME=C:\Program Files\Java\jdk1.8.0_202
PATH=C:\Program Files (x86)\Common Files\Oracle\Java\javapath;C:\Windows\system32;C:\Windows;C:\Windows\System32\Wbem;C:\Windows\System32\WindowsPowerShell\v1.0\;C:\Windows\System32\OpenSSH\;C:\Program Files\dotnet\;C:\Program Files\Java\jdk1.8.0_202\bin;C:\Program Files\Git\cmd;C:\flutter\bin;C:\Program Files\TortoiseSVN\bin;C:\Users\Chirag Vaghela\AppData\Local\Microsoft\WindowsApps;C:\Users\Chirag Vaghela\AppData\Local\Programs\Microsoft VS Code\bin;C:\flutter\bin;
USERNAME=Chirag Vaghela
OS=Windows_NT
PROCESSOR_IDENTIFIER=Intel64 Family 6 Model 158 Stepping 11, GenuineIntel



---------------  S Y S T E M  ---------------

OS: Windows 10.0 , 64 bit Build 19041 (10.0.19041.1706)

CPU:total 4 (initial active 4) (4 cores per cpu, 1 threads per core) family 6 model 158 stepping 11, cmov, cx8, fxsr, mmx, sse, sse2, sse3, ssse3, sse4.1, sse4.2, popcnt, avx, avx2, aes, clmul, erms, 3dnowpref, lzcnt, tsc, tscinvbit, bmi1, bmi2, adx

Memory: 4k page, physical 8199140k(331852k free), swap 32976616k(5248k free)

vm_info: Java HotSpot(TM) 64-Bit Server VM (25.202-b08) for windows-amd64 JRE (1.8.0_202-b08), built on Dec 15 2018 19:54:30 by "java_re" with MS VC++ 10.0 (VS2010)

time: Fri Jul 15 12:37:35 2022
timezone: India Standard Time
elapsed time: 12 seconds (0d 0h 0m 12s)

